<?xml version="1.0" encoding="UTF-8"?>
<!-- Generated by org.testng.reporters.JUnitXMLReporter -->
<testsuite hostname="PRMORE02" ignored="0" name="ChromeTest" tests="6" failures="1" timestamp="30 Oct 2019 09:50:47 GMT" time="116.536" errors="0">
  <testcase name="SetSerachCriteria" time="16.678" classname="com.invia.tests.SearchPageTest"/>
  <testcase name="VerifyHotelSelectionPageFilters" time="7.028" classname="com.invia.tests.HotelSelectionPageTest"/>
  <testcase name="VerifyResultsSortedByHighestPrice" time="8.854" classname="com.invia.tests.HotelSelectionPageTest"/>
  <testcase name="SetHotelDetailsPageFilters" time="53.115" classname="com.invia.tests.HotelDetailsPageTest"/>
  <testcase name="VerifyFlightTime" time="0.234" classname="com.invia.tests.HotelDetailsPageTest">
    <failure type="java.lang.AssertionError" message="expected [true] but found [false]">
      <![CDATA[java.lang.AssertionError: expected [true] but found [false]
at com.invia.tests.HotelDetailsPageTest.VerifyFlightTime(HotelDetailsPageTest.java:53)
... Removed 29 stack frames]]>
    </failure>
  </testcase> <!-- VerifyFlightTime -->
  <testcase name="VerifyHotelName" time="9.139" classname="com.invia.tests.BookingPageTest"/>
</testsuite> <!-- ChromeTest -->
