<?xml version="1.0" encoding="UTF-8"?>
<!-- Generated by org.testng.reporters.JUnitXMLReporter -->
<testsuite hostname="PRMORE02" ignored="0" name="ChromeTest" tests="6" failures="1" timestamp="30 Oct 2019 10:58:55 GMT" time="137.051" errors="0">
  <testcase name="SetSerachCriteria" time="15.624" classname="com.invia.tests.SearchPageTest"/>
  <testcase name="VerifyHotelSelectionPageFilters" time="6.421" classname="com.invia.tests.HotelSelectionPageTest"/>
  <testcase name="VerifyResultsSortedByHighestPrice" time="9.478" classname="com.invia.tests.HotelSelectionPageTest"/>
  <testcase name="SetHotelDetailsPageFilters" time="78.159" classname="com.invia.tests.HotelDetailsPageTest"/>
  <testcase name="VerifyFlightTime" time="0.221" classname="com.invia.tests.HotelDetailsPageTest">
    <failure type="java.lang.AssertionError" message="expected [true] but found [false]">
      <![CDATA[java.lang.AssertionError: expected [true] but found [false]
at com.invia.tests.HotelDetailsPageTest.VerifyFlightTime(HotelDetailsPageTest.java:59)
... Removed 33 stack frames]]>
    </failure>
  </testcase> <!-- VerifyFlightTime -->
  <testcase name="VerifyHotelName" time="7.709" classname="com.invia.tests.BookingPageTest"/>
</testsuite> <!-- ChromeTest -->
