<?xml version="1.0" encoding="UTF-8"?>
<testng-results skipped="0" failed="1" ignored="0" total="6" passed="5">
  <reporter-output>
  </reporter-output>
  <suite name="Suite" duration-ms="116536" started-at="2019-10-30T09:48:51Z" finished-at="2019-10-30T09:50:47Z">
    <groups>
    </groups>
    <test name="ChromeTest" duration-ms="116536" started-at="2019-10-30T09:48:51Z" finished-at="2019-10-30T09:50:47Z">
      <class name="com.invia.tests.BookingPageTest">
        <test-method status="PASS" signature="VerifyHotelName()[pri:8, instance:com.invia.tests.BookingPageTest@6ddf90b0]" name="VerifyHotelName" duration-ms="9139" started-at="2019-10-30T09:50:32Z" finished-at="2019-10-30T09:50:41Z">
          <reporter-output>
          </reporter-output>
        </test-method> <!-- VerifyHotelName -->
      </class> <!-- com.invia.tests.BookingPageTest -->
      <class name="com.invia.tests.HotelDetailsPageTest">
        <test-method status="PASS" signature="SetHotelDetailsPageFilters()[pri:4, instance:com.invia.tests.HotelDetailsPageTest@2b2948e2]" name="SetHotelDetailsPageFilters" duration-ms="53115" started-at="2019-10-30T09:49:38Z" finished-at="2019-10-30T09:50:31Z">
          <reporter-output>
          </reporter-output>
        </test-method> <!-- SetHotelDetailsPageFilters -->
        <test-method status="FAIL" signature="VerifyFlightTime()[pri:5, instance:com.invia.tests.HotelDetailsPageTest@2b2948e2]" name="VerifyFlightTime" duration-ms="234" started-at="2019-10-30T09:50:31Z" finished-at="2019-10-30T09:50:31Z">
          <exception class="java.lang.AssertionError">
            <message>
              <![CDATA[expected [true] but found [false]]]>
            </message>
            <full-stacktrace>
              <![CDATA[java.lang.AssertionError: expected [true] but found [false]
at org.testng.Assert.fail(Assert.java:96)
at org.testng.Assert.failNotEquals(Assert.java:776)
at org.testng.Assert.assertTrue(Assert.java:44)
at org.testng.Assert.assertTrue(Assert.java:54)
at com.invia.tests.HotelDetailsPageTest.VerifyFlightTime(HotelDetailsPageTest.java:53)
at sun.reflect.NativeMethodAccessorImpl.invoke0(Native Method)
at sun.reflect.NativeMethodAccessorImpl.invoke(NativeMethodAccessorImpl.java:62)
at sun.reflect.DelegatingMethodAccessorImpl.invoke(DelegatingMethodAccessorImpl.java:43)
at java.lang.reflect.Method.invoke(Method.java:498)
at org.testng.internal.MethodInvocationHelper.invokeMethod(MethodInvocationHelper.java:124)
at org.testng.internal.Invoker.invokeMethod(Invoker.java:580)
at org.testng.internal.Invoker.invokeTestMethod(Invoker.java:716)
at org.testng.internal.Invoker.invokeTestMethods(Invoker.java:988)
at org.testng.internal.TestMethodWorker.invokeTestMethods(TestMethodWorker.java:125)
at org.testng.internal.TestMethodWorker.run(TestMethodWorker.java:109)
at org.testng.TestRunner.privateRun(TestRunner.java:648)
at org.testng.TestRunner.run(TestRunner.java:505)
at org.testng.SuiteRunner.runTest(SuiteRunner.java:455)
at org.testng.SuiteRunner.runSequentially(SuiteRunner.java:450)
at org.testng.SuiteRunner.privateRun(SuiteRunner.java:415)
at org.testng.SuiteRunner.run(SuiteRunner.java:364)
at org.testng.SuiteRunnerWorker.runSuite(SuiteRunnerWorker.java:52)
at org.testng.SuiteRunnerWorker.run(SuiteRunnerWorker.java:84)
at org.testng.TestNG.runSuitesSequentially(TestNG.java:1208)
at org.testng.TestNG.runSuitesLocally(TestNG.java:1137)
at org.testng.TestNG.runSuites(TestNG.java:1049)
at org.testng.TestNG.run(TestNG.java:1017)
at org.testng.remote.AbstractRemoteTestNG.run(AbstractRemoteTestNG.java:114)
at org.testng.remote.RemoteTestNG.initAndRun(RemoteTestNG.java:251)
at org.testng.remote.RemoteTestNG.main(RemoteTestNG.java:77)
]]>
            </full-stacktrace>
          </exception> <!-- java.lang.AssertionError -->
          <reporter-output>
          </reporter-output>
        </test-method> <!-- VerifyFlightTime -->
        <test-method status="PASS" signature="clickBooking()[pri:0, instance:com.invia.tests.HotelDetailsPageTest@2b2948e2]" name="clickBooking" is-config="true" duration-ms="703" started-at="2019-10-30T09:50:31Z" finished-at="2019-10-30T09:50:32Z">
          <reporter-output>
          </reporter-output>
        </test-method> <!-- clickBooking -->
      </class> <!-- com.invia.tests.HotelDetailsPageTest -->
      <class name="com.invia.tests.SearchPageTest">
        <test-method status="PASS" signature="setup(java.lang.String)[pri:0, instance:com.invia.tests.SearchPageTest@210366b4]" name="setup" is-config="true" duration-ms="14217" started-at="2019-10-30T09:48:51Z" finished-at="2019-10-30T09:49:05Z">
          <params>
            <param index="0">
              <value>
                <![CDATA[Chrome]]>
              </value>
            </param>
          </params>
          <reporter-output>
          </reporter-output>
        </test-method> <!-- setup -->
        <test-method status="PASS" signature="SetSerachCriteria()[pri:0, instance:com.invia.tests.SearchPageTest@210366b4]" name="SetSerachCriteria" duration-ms="16678" started-at="2019-10-30T09:49:05Z" finished-at="2019-10-30T09:49:22Z">
          <reporter-output>
          </reporter-output>
        </test-method> <!-- SetSerachCriteria -->
        <test-method status="PASS" signature="doCleanUpStuff()[pri:0, instance:com.invia.tests.SearchPageTest@210366b4]" name="doCleanUpStuff" is-config="true" duration-ms="6144" started-at="2019-10-30T09:50:41Z" finished-at="2019-10-30T09:50:47Z">
          <reporter-output>
          </reporter-output>
        </test-method> <!-- doCleanUpStuff -->
      </class> <!-- com.invia.tests.SearchPageTest -->
      <class name="com.invia.tests.HotelSelectionPageTest">
        <test-method status="PASS" signature="VerifyHotelSelectionPageFilters()[pri:2, instance:com.invia.tests.HotelSelectionPageTest@eec5a4a]" name="VerifyHotelSelectionPageFilters" duration-ms="7028" started-at="2019-10-30T09:49:22Z" finished-at="2019-10-30T09:49:29Z">
          <reporter-output>
          </reporter-output>
        </test-method> <!-- VerifyHotelSelectionPageFilters -->
        <test-method status="PASS" signature="VerifyResultsSortedByHighestPrice()[pri:3, instance:com.invia.tests.HotelSelectionPageTest@eec5a4a]" name="VerifyResultsSortedByHighestPrice" duration-ms="8854" started-at="2019-10-30T09:49:29Z" finished-at="2019-10-30T09:49:37Z">
          <reporter-output>
          </reporter-output>
        </test-method> <!-- VerifyResultsSortedByHighestPrice -->
        <test-method status="PASS" signature="selectHotel()[pri:0, instance:com.invia.tests.HotelSelectionPageTest@eec5a4a]" name="selectHotel" is-config="true" duration-ms="347" started-at="2019-10-30T09:49:37Z" finished-at="2019-10-30T09:49:38Z">
          <reporter-output>
          </reporter-output>
        </test-method> <!-- selectHotel -->
      </class> <!-- com.invia.tests.HotelSelectionPageTest -->
    </test> <!-- ChromeTest -->
  </suite> <!-- Suite -->
</testng-results>
